2022-04-19 20:52:40 [scrapy.utils.log] INFO: Scrapy 2.6.1 started (bot: scrapy_log)
2022-04-19 20:52:40 [scrapy.utils.log] INFO: Versions: lxml 4.6.3.0, libxml2 2.9.12, cssselect 1.1.0, parsel 1.6.0, w3lib 1.21.0, Twisted 22.2.0, Python 3.9.7 (default, Sep 16 2021, 16:59:28) [MSC v.1916 64 bit (AMD64)], pyOpenSSL 21.0.0 (OpenSSL 1.1.1l  24 Aug 2021), cryptography 3.4.8, Platform Windows-10-10.0.22000-SP0
2022-04-19 20:52:40 [scrapy.crawler] INFO: Overridden settings:
{'BOT_NAME': 'scrapy_log',
 'LOG_FILE': 'log.log',
 'NEWSPIDER_MODULE': 'scrapy_log.spiders',
 'SPIDER_MODULES': ['scrapy_log.spiders']}
2022-04-19 20:52:40 [scrapy.utils.log] DEBUG: Using reactor: twisted.internet.selectreactor.SelectReactor
2022-04-19 20:52:40 [scrapy.extensions.telnet] INFO: Telnet Password: 27c3493f67af28c1
2022-04-19 20:52:40 [scrapy.middleware] INFO: Enabled extensions:
['scrapy.extensions.corestats.CoreStats',
 'scrapy.extensions.telnet.TelnetConsole',
 'scrapy.extensions.logstats.LogStats']
2022-04-19 20:52:40 [scrapy.middleware] INFO: Enabled downloader middlewares:
['scrapy.downloadermiddlewares.httpauth.HttpAuthMiddleware',
 'scrapy.downloadermiddlewares.downloadtimeout.DownloadTimeoutMiddleware',
 'scrapy.downloadermiddlewares.defaultheaders.DefaultHeadersMiddleware',
 'scrapy.downloadermiddlewares.useragent.UserAgentMiddleware',
 'scrapy.downloadermiddlewares.retry.RetryMiddleware',
 'scrapy.downloadermiddlewares.redirect.MetaRefreshMiddleware',
 'scrapy.downloadermiddlewares.httpcompression.HttpCompressionMiddleware',
 'scrapy.downloadermiddlewares.redirect.RedirectMiddleware',
 'scrapy.downloadermiddlewares.cookies.CookiesMiddleware',
 'scrapy.downloadermiddlewares.httpproxy.HttpProxyMiddleware',
 'scrapy.downloadermiddlewares.stats.DownloaderStats']
2022-04-19 20:52:40 [scrapy.middleware] INFO: Enabled spider middlewares:
['scrapy.spidermiddlewares.httperror.HttpErrorMiddleware',
 'scrapy.spidermiddlewares.offsite.OffsiteMiddleware',
 'scrapy.spidermiddlewares.referer.RefererMiddleware',
 'scrapy.spidermiddlewares.urllength.UrlLengthMiddleware',
 'scrapy.spidermiddlewares.depth.DepthMiddleware']
2022-04-19 20:52:40 [scrapy.middleware] INFO: Enabled item pipelines:
[]
2022-04-19 20:52:40 [scrapy.core.engine] INFO: Spider opened
2022-04-19 20:52:41 [scrapy.extensions.logstats] INFO: Crawled 0 pages (at 0 pages/min), scraped 0 items (at 0 items/min)
2022-04-19 20:52:41 [scrapy.extensions.telnet] INFO: Telnet console listening on 127.0.0.1:6023
2022-04-19 20:52:41 [filelock] DEBUG: Attempting to acquire lock 2530627996016 on C:\Users\gaohao\anaconda3\lib\site-packages\tldextract\.suffix_cache/publicsuffix.org-tlds\de84b5ca2167d4c83e38fb162f2e8738.tldextract.json.lock
2022-04-19 20:52:41 [filelock] DEBUG: Lock 2530627996016 acquired on C:\Users\gaohao\anaconda3\lib\site-packages\tldextract\.suffix_cache/publicsuffix.org-tlds\de84b5ca2167d4c83e38fb162f2e8738.tldextract.json.lock
2022-04-19 20:52:41 [filelock] DEBUG: Attempting to acquire lock 2530627997456 on C:\Users\gaohao\anaconda3\lib\site-packages\tldextract\.suffix_cache/urls\62bf135d1c2f3d4db4228b9ecaf507a2.tldextract.json.lock
2022-04-19 20:52:41 [filelock] DEBUG: Lock 2530627997456 acquired on C:\Users\gaohao\anaconda3\lib\site-packages\tldextract\.suffix_cache/urls\62bf135d1c2f3d4db4228b9ecaf507a2.tldextract.json.lock
2022-04-19 20:52:41 [filelock] DEBUG: Attempting to release lock 2530627997456 on C:\Users\gaohao\anaconda3\lib\site-packages\tldextract\.suffix_cache/urls\62bf135d1c2f3d4db4228b9ecaf507a2.tldextract.json.lock
2022-04-19 20:52:41 [filelock] DEBUG: Lock 2530627997456 released on C:\Users\gaohao\anaconda3\lib\site-packages\tldextract\.suffix_cache/urls\62bf135d1c2f3d4db4228b9ecaf507a2.tldextract.json.lock
2022-04-19 20:52:41 [filelock] DEBUG: Attempting to release lock 2530627996016 on C:\Users\gaohao\anaconda3\lib\site-packages\tldextract\.suffix_cache/publicsuffix.org-tlds\de84b5ca2167d4c83e38fb162f2e8738.tldextract.json.lock
2022-04-19 20:52:41 [filelock] DEBUG: Lock 2530627996016 released on C:\Users\gaohao\anaconda3\lib\site-packages\tldextract\.suffix_cache/publicsuffix.org-tlds\de84b5ca2167d4c83e38fb162f2e8738.tldextract.json.lock
2022-04-19 20:52:41 [scrapy.core.engine] DEBUG: Crawled (200) <GET http://www.baidu.com/> (referer: None)
2022-04-19 20:52:41 [scrapy.core.engine] INFO: Closing spider (finished)
2022-04-19 20:52:41 [scrapy.statscollectors] INFO: Dumping Scrapy stats:
{'downloader/request_bytes': 217,
 'downloader/request_count': 1,
 'downloader/request_method_count/GET': 1,
 'downloader/response_bytes': 1476,
 'downloader/response_count': 1,
 'downloader/response_status_count/200': 1,
 'elapsed_time_seconds': 0.186011,
 'finish_reason': 'finished',
 'finish_time': datetime.datetime(2022, 4, 19, 12, 52, 41, 207339),
 'httpcompression/response_bytes': 2381,
 'httpcompression/response_count': 1,
 'log_count/DEBUG': 10,
 'log_count/INFO': 10,
 'response_received_count': 1,
 'scheduler/dequeued': 1,
 'scheduler/dequeued/memory': 1,
 'scheduler/enqueued': 1,
 'scheduler/enqueued/memory': 1,
 'start_time': datetime.datetime(2022, 4, 19, 12, 52, 41, 21328)}
2022-04-19 20:52:41 [scrapy.core.engine] INFO: Spider closed (finished)
